{"/Users/zacharyrote/Desktop/sandbox/git-source/cdsp-security-services/security-service/api/v1/routes/health.routes.js":{"path":"/Users/zacharyrote/Desktop/sandbox/git-source/cdsp-security-services/security-service/api/v1/routes/health.routes.js","s":{"1":1,"2":1,"3":1},"b":{},"f":{},"fnMap":{},"statementMap":{"1":{"start":{"line":3,"column":0},"end":{"line":3,"column":66}},"2":{"start":{"line":5,"column":0},"end":{"line":26,"column":1}},"3":{"start":{"line":25,"column":4},"end":{"line":25,"column":50}}},"branchMap":{}},"/Users/zacharyrote/Desktop/sandbox/git-source/cdsp-security-services/security-service/api/v1/controllers/health.controller.js":{"path":"/Users/zacharyrote/Desktop/sandbox/git-source/cdsp-security-services/security-service/api/v1/controllers/health.controller.js","s":{"1":1,"2":1,"3":1,"4":1,"5":1,"6":1,"7":0,"8":0,"9":0,"10":0,"11":1},"b":{},"f":{},"fnMap":{},"statementMap":{"1":{"start":{"line":3,"column":0},"end":{"line":3,"column":41}},"2":{"start":{"line":4,"column":0},"end":{"line":4,"column":42}},"3":{"start":{"line":5,"column":0},"end":{"line":5,"column":57}},"4":{"start":{"line":6,"column":0},"end":{"line":6,"column":59}},"5":{"start":{"line":9,"column":0},"end":{"line":18,"column":1}},"6":{"start":{"line":10,"column":2},"end":{"line":17,"column":3}},"7":{"start":{"line":11,"column":4},"end":{"line":11,"column":44}},"8":{"start":{"line":12,"column":4},"end":{"line":16,"column":7}},"9":{"start":{"line":13,"column":6},"end":{"line":13,"column":45}},"10":{"start":{"line":15,"column":6},"end":{"line":15,"column":89}},"11":{"start":{"line":21,"column":0},"end":{"line":21,"column":30}}},"branchMap":{}},"/Users/zacharyrote/Desktop/sandbox/git-source/cdsp-security-services/security-service/api/v1/routes/oauth.routes.js":{"path":"/Users/zacharyrote/Desktop/sandbox/git-source/cdsp-security-services/security-service/api/v1/routes/oauth.routes.js","s":{"1":1,"2":1,"3":1,"4":1,"5":1},"b":{},"f":{},"fnMap":{},"statementMap":{"1":{"start":{"line":3,"column":0},"end":{"line":3,"column":65}},"2":{"start":{"line":5,"column":0},"end":{"line":107,"column":1}},"3":{"start":{"line":45,"column":2},"end":{"line":45,"column":111}},"4":{"start":{"line":76,"column":2},"end":{"line":76,"column":122}},"5":{"start":{"line":106,"column":2},"end":{"line":106,"column":129}}},"branchMap":{}},"/Users/zacharyrote/Desktop/sandbox/git-source/cdsp-security-services/security-service/api/v1/controllers/oauth.controller.js":{"path":"/Users/zacharyrote/Desktop/sandbox/git-source/cdsp-security-services/security-service/api/v1/controllers/oauth.controller.js","s":{"1":1,"2":1,"3":1,"4":1,"5":1,"6":1,"7":1,"8":1,"9":3,"10":3,"11":3,"12":3,"13":3,"14":3,"15":3,"16":3,"17":3,"18":3,"19":3,"20":3,"21":0,"22":0,"23":0,"24":0,"25":0,"26":0,"27":0,"28":1,"29":1,"30":0,"31":0,"32":0,"33":0,"34":0,"35":0,"36":0,"37":0,"38":0,"39":0,"40":0,"41":0,"42":1,"43":1,"44":0,"45":0,"46":0,"47":0,"48":0,"49":0,"50":0,"51":1,"52":1,"53":1},"b":{"1":[3,0],"2":[0,0],"3":[0,0],"4":[0,0],"5":[0,0],"6":[0,0],"7":[0,0]},"f":{},"fnMap":{},"statementMap":{"1":{"start":{"line":3,"column":0},"end":{"line":3,"column":41}},"2":{"start":{"line":4,"column":0},"end":{"line":4,"column":42}},"3":{"start":{"line":5,"column":0},"end":{"line":5,"column":57}},"4":{"start":{"line":7,"column":0},"end":{"line":7,"column":64}},"5":{"start":{"line":9,"column":0},"end":{"line":9,"column":36}},"6":{"start":{"line":10,"column":0},"end":{"line":10,"column":44}},"7":{"start":{"line":12,"column":0},"end":{"line":50,"column":1}},"8":{"start":{"line":13,"column":2},"end":{"line":49,"column":3}},"9":{"start":{"line":14,"column":4},"end":{"line":14,"column":29}},"10":{"start":{"line":15,"column":4},"end":{"line":15,"column":45}},"11":{"start":{"line":16,"column":4},"end":{"line":16,"column":32}},"12":{"start":{"line":17,"column":4},"end":{"line":17,"column":24}},"13":{"start":{"line":18,"column":4},"end":{"line":18,"column":24}},"14":{"start":{"line":19,"column":4},"end":{"line":21,"column":5}},"15":{"start":{"line":20,"column":6},"end":{"line":20,"column":37}},"16":{"start":{"line":23,"column":4},"end":{"line":23,"column":30}},"17":{"start":{"line":25,"column":4},"end":{"line":30,"column":6}},"18":{"start":{"line":32,"column":4},"end":{"line":32,"column":49}},"19":{"start":{"line":33,"column":4},"end":{"line":48,"column":7}},"20":{"start":{"line":34,"column":6},"end":{"line":34,"column":51}},"21":{"start":{"line":36,"column":6},"end":{"line":47,"column":7}},"22":{"start":{"line":37,"column":8},"end":{"line":44,"column":9}},"23":{"start":{"line":39,"column":10},"end":{"line":39,"column":47}},"24":{"start":{"line":40,"column":10},"end":{"line":40,"column":41}},"25":{"start":{"line":41,"column":10},"end":{"line":41,"column":33}},"26":{"start":{"line":43,"column":10},"end":{"line":43,"column":71}},"27":{"start":{"line":46,"column":8},"end":{"line":46,"column":91}},"28":{"start":{"line":52,"column":0},"end":{"line":76,"column":1}},"29":{"start":{"line":53,"column":2},"end":{"line":75,"column":3}},"30":{"start":{"line":54,"column":4},"end":{"line":54,"column":61}},"31":{"start":{"line":55,"column":4},"end":{"line":55,"column":40}},"32":{"start":{"line":56,"column":4},"end":{"line":73,"column":7}},"33":{"start":{"line":57,"column":6},"end":{"line":61,"column":7}},"34":{"start":{"line":58,"column":8},"end":{"line":58,"column":46}},"35":{"start":{"line":60,"column":8},"end":{"line":60,"column":85}},"36":{"start":{"line":63,"column":6},"end":{"line":63,"column":23}},"37":{"start":{"line":64,"column":6},"end":{"line":72,"column":7}},"38":{"start":{"line":65,"column":8},"end":{"line":69,"column":9}},"39":{"start":{"line":66,"column":10},"end":{"line":66,"column":33}},"40":{"start":{"line":68,"column":10},"end":{"line":68,"column":71}},"41":{"start":{"line":71,"column":8},"end":{"line":71,"column":91}},"42":{"start":{"line":78,"column":0},"end":{"line":95,"column":1}},"43":{"start":{"line":79,"column":2},"end":{"line":94,"column":3}},"44":{"start":{"line":80,"column":4},"end":{"line":80,"column":40}},"45":{"start":{"line":81,"column":4},"end":{"line":81,"column":50}},"46":{"start":{"line":82,"column":4},"end":{"line":93,"column":7}},"47":{"start":{"line":83,"column":6},"end":{"line":86,"column":9}},"48":{"start":{"line":88,"column":6},"end":{"line":92,"column":7}},"49":{"start":{"line":89,"column":8},"end":{"line":89,"column":33}},"50":{"start":{"line":91,"column":8},"end":{"line":91,"column":91}},"51":{"start":{"line":98,"column":0},"end":{"line":98,"column":30}},"52":{"start":{"line":99,"column":0},"end":{"line":99,"column":22}},"53":{"start":{"line":100,"column":0},"end":{"line":100,"column":36}}},"branchMap":{"1":{"line":19,"type":"if","locations":[{"start":{"line":19,"column":4},"end":{"line":19,"column":4}},{"start":{"line":19,"column":4},"end":{"line":19,"column":4}}]},"2":{"line":36,"type":"if","locations":[{"start":{"line":36,"column":6},"end":{"line":36,"column":6}},{"start":{"line":36,"column":6},"end":{"line":36,"column":6}}]},"3":{"line":37,"type":"if","locations":[{"start":{"line":37,"column":8},"end":{"line":37,"column":8}},{"start":{"line":37,"column":8},"end":{"line":37,"column":8}}]},"4":{"line":57,"type":"if","locations":[{"start":{"line":57,"column":6},"end":{"line":57,"column":6}},{"start":{"line":57,"column":6},"end":{"line":57,"column":6}}]},"5":{"line":64,"type":"if","locations":[{"start":{"line":64,"column":6},"end":{"line":64,"column":6}},{"start":{"line":64,"column":6},"end":{"line":64,"column":6}}]},"6":{"line":65,"type":"if","locations":[{"start":{"line":65,"column":8},"end":{"line":65,"column":8}},{"start":{"line":65,"column":8},"end":{"line":65,"column":8}}]},"7":{"line":88,"type":"if","locations":[{"start":{"line":88,"column":6},"end":{"line":88,"column":6}},{"start":{"line":88,"column":6},"end":{"line":88,"column":6}}]}}},"/Users/zacharyrote/Desktop/sandbox/git-source/cdsp-security-services/security-service/services/authService.js":{"path":"/Users/zacharyrote/Desktop/sandbox/git-source/cdsp-security-services/security-service/services/authService.js","s":{"1":1,"2":1,"3":1,"4":1,"5":1,"6":1,"7":1,"8":1,"9":1,"10":1,"11":3,"12":3,"13":3,"14":3,"15":3,"16":3,"17":3,"18":3,"19":3,"20":3,"21":3,"22":3,"23":0,"24":0,"25":0,"26":0,"27":3,"28":0,"29":0,"30":0,"31":0,"32":0,"33":0,"34":0,"35":0,"36":0,"37":0,"38":0,"39":0,"40":0,"41":0,"42":0,"43":0,"44":0,"45":0,"46":0,"47":0,"48":0,"49":3,"50":3,"51":3,"52":3,"53":3,"54":3,"55":3,"56":3,"57":3,"58":3,"59":3,"60":3,"61":3,"62":3,"63":3,"64":3,"65":3,"66":3,"67":3,"68":3,"69":3,"70":0,"71":3,"72":3,"73":3,"74":3,"75":3,"76":3,"77":3,"78":3,"79":3,"80":3,"81":3,"82":0,"83":0,"84":0,"85":0,"86":0,"87":0,"88":0,"89":0,"90":0,"91":3,"92":1},"b":{"1":[0,0],"2":[0,0],"3":[0,0],"4":[3,0],"5":[3,0],"6":[3,0]},"f":{"1":3,"2":3,"3":0,"4":0,"5":0,"6":3,"7":3,"8":3},"fnMap":{"1":{"name":"(anonymous_1)","line":20,"loc":{"start":{"line":20,"column":13},"end":{"line":20,"column":21}}},"2":{"name":"(anonymous_2)","line":25,"loc":{"start":{"line":25,"column":11},"end":{"line":25,"column":25}}},"3":{"name":"(anonymous_3)","line":57,"loc":{"start":{"line":57,"column":7},"end":{"line":57,"column":21}}},"4":{"name":"(anonymous_4)","line":82,"loc":{"start":{"line":82,"column":7},"end":{"line":82,"column":29}}},"5":{"name":"(anonymous_5)","line":86,"loc":{"start":{"line":86,"column":20},"end":{"line":86,"column":27}}},"6":{"name":"(anonymous_6)","line":99,"loc":{"start":{"line":99,"column":20},"end":{"line":99,"column":49}}},"7":{"name":"(anonymous_7)","line":120,"loc":{"start":{"line":120,"column":17},"end":{"line":120,"column":43}}},"8":{"name":"(anonymous_8)","line":146,"loc":{"start":{"line":146,"column":15},"end":{"line":146,"column":40}}}},"statementMap":{"1":{"start":{"line":2,"column":0},"end":{"line":2,"column":35}},"2":{"start":{"line":3,"column":0},"end":{"line":3,"column":42}},"3":{"start":{"line":4,"column":0},"end":{"line":4,"column":57}},"4":{"start":{"line":5,"column":0},"end":{"line":5,"column":36}},"5":{"start":{"line":6,"column":0},"end":{"line":6,"column":29}},"6":{"start":{"line":7,"column":0},"end":{"line":7,"column":33}},"7":{"start":{"line":9,"column":0},"end":{"line":9,"column":46}},"8":{"start":{"line":10,"column":0},"end":{"line":10,"column":26}},"9":{"start":{"line":12,"column":0},"end":{"line":12,"column":44}},"10":{"start":{"line":15,"column":0},"end":{"line":17,"column":2}},"11":{"start":{"line":21,"column":4},"end":{"line":21,"column":23}},"12":{"start":{"line":22,"column":4},"end":{"line":22,"column":23}},"13":{"start":{"line":26,"column":4},"end":{"line":26,"column":20}},"14":{"start":{"line":27,"column":4},"end":{"line":52,"column":7}},"15":{"start":{"line":28,"column":8},"end":{"line":28,"column":45}},"16":{"start":{"line":29,"column":8},"end":{"line":29,"column":53}},"17":{"start":{"line":30,"column":8},"end":{"line":30,"column":38}},"18":{"start":{"line":31,"column":8},"end":{"line":31,"column":38}},"19":{"start":{"line":36,"column":8},"end":{"line":51,"column":11}},"20":{"start":{"line":38,"column":12},"end":{"line":38,"column":66}},"21":{"start":{"line":41,"column":12},"end":{"line":41,"column":71}},"22":{"start":{"line":44,"column":12},"end":{"line":44,"column":34}},"23":{"start":{"line":46,"column":12},"end":{"line":46,"column":29}},"24":{"start":{"line":47,"column":12},"end":{"line":49,"column":13}},"25":{"start":{"line":48,"column":14},"end":{"line":48,"column":51}},"26":{"start":{"line":50,"column":12},"end":{"line":50,"column":24}},"27":{"start":{"line":54,"column":4},"end":{"line":54,"column":13}},"28":{"start":{"line":58,"column":4},"end":{"line":78,"column":7}},"29":{"start":{"line":59,"column":6},"end":{"line":59,"column":51}},"30":{"start":{"line":60,"column":6},"end":{"line":77,"column":9}},"31":{"start":{"line":61,"column":8},"end":{"line":61,"column":32}},"32":{"start":{"line":62,"column":8},"end":{"line":74,"column":9}},"33":{"start":{"line":63,"column":10},"end":{"line":70,"column":13}},"34":{"start":{"line":64,"column":12},"end":{"line":69,"column":13}},"35":{"start":{"line":66,"column":14},"end":{"line":66,"column":74}},"36":{"start":{"line":68,"column":14},"end":{"line":68,"column":73}},"37":{"start":{"line":72,"column":10},"end":{"line":72,"column":60}},"38":{"start":{"line":73,"column":10},"end":{"line":73,"column":53}},"39":{"start":{"line":76,"column":8},"end":{"line":76,"column":20}},"40":{"start":{"line":79,"column":4},"end":{"line":79,"column":13}},"41":{"start":{"line":83,"column":4},"end":{"line":83,"column":56}},"42":{"start":{"line":87,"column":4},"end":{"line":87,"column":20}},"43":{"start":{"line":88,"column":4},"end":{"line":95,"column":7}},"44":{"start":{"line":89,"column":6},"end":{"line":94,"column":9}},"45":{"start":{"line":90,"column":8},"end":{"line":90,"column":54}},"46":{"start":{"line":91,"column":8},"end":{"line":91,"column":29}},"47":{"start":{"line":93,"column":8},"end":{"line":93,"column":20}},"48":{"start":{"line":96,"column":4},"end":{"line":96,"column":13}},"49":{"start":{"line":100,"column":4},"end":{"line":100,"column":41}},"50":{"start":{"line":101,"column":4},"end":{"line":115,"column":7}},"51":{"start":{"line":102,"column":6},"end":{"line":102,"column":33}},"52":{"start":{"line":103,"column":6},"end":{"line":103,"column":39}},"53":{"start":{"line":106,"column":6},"end":{"line":108,"column":7}},"54":{"start":{"line":107,"column":8},"end":{"line":107,"column":33}},"55":{"start":{"line":110,"column":6},"end":{"line":112,"column":8}},"56":{"start":{"line":114,"column":6},"end":{"line":114,"column":24}},"57":{"start":{"line":117,"column":4},"end":{"line":117,"column":13}},"58":{"start":{"line":121,"column":4},"end":{"line":121,"column":56}},"59":{"start":{"line":122,"column":4},"end":{"line":122,"column":20}},"60":{"start":{"line":123,"column":4},"end":{"line":141,"column":7}},"61":{"start":{"line":124,"column":6},"end":{"line":124,"column":36}},"62":{"start":{"line":125,"column":6},"end":{"line":125,"column":63}},"63":{"start":{"line":126,"column":6},"end":{"line":126,"column":35}},"64":{"start":{"line":127,"column":6},"end":{"line":132,"column":8}},"65":{"start":{"line":133,"column":6},"end":{"line":133,"column":50}},"66":{"start":{"line":134,"column":6},"end":{"line":134,"column":36}},"67":{"start":{"line":135,"column":6},"end":{"line":140,"column":9}},"68":{"start":{"line":136,"column":8},"end":{"line":136,"column":35}},"69":{"start":{"line":137,"column":8},"end":{"line":137,"column":23}},"70":{"start":{"line":139,"column":8},"end":{"line":139,"column":20}},"71":{"start":{"line":143,"column":4},"end":{"line":143,"column":13}},"72":{"start":{"line":147,"column":4},"end":{"line":147,"column":20}},"73":{"start":{"line":148,"column":4},"end":{"line":148,"column":104}},"74":{"start":{"line":149,"column":4},"end":{"line":177,"column":7}},"75":{"start":{"line":151,"column":6},"end":{"line":176,"column":7}},"76":{"start":{"line":152,"column":8},"end":{"line":171,"column":11}},"77":{"start":{"line":153,"column":10},"end":{"line":166,"column":11}},"78":{"start":{"line":155,"column":12},"end":{"line":162,"column":15}},"79":{"start":{"line":156,"column":14},"end":{"line":156,"column":40}},"80":{"start":{"line":157,"column":14},"end":{"line":157,"column":38}},"81":{"start":{"line":158,"column":14},"end":{"line":158,"column":34}},"82":{"start":{"line":160,"column":14},"end":{"line":160,"column":35}},"83":{"start":{"line":161,"column":14},"end":{"line":161,"column":26}},"84":{"start":{"line":164,"column":12},"end":{"line":164,"column":44}},"85":{"start":{"line":165,"column":12},"end":{"line":165,"column":33}},"86":{"start":{"line":168,"column":10},"end":{"line":168,"column":31}},"87":{"start":{"line":169,"column":10},"end":{"line":169,"column":27}},"88":{"start":{"line":170,"column":10},"end":{"line":170,"column":31}},"89":{"start":{"line":174,"column":8},"end":{"line":174,"column":32}},"90":{"start":{"line":175,"column":8},"end":{"line":175,"column":29}},"91":{"start":{"line":179,"column":4},"end":{"line":179,"column":13}},"92":{"start":{"line":183,"column":0},"end":{"line":183,"column":29}}},"branchMap":{"1":{"line":47,"type":"if","locations":[{"start":{"line":47,"column":12},"end":{"line":47,"column":12}},{"start":{"line":47,"column":12},"end":{"line":47,"column":12}}]},"2":{"line":62,"type":"if","locations":[{"start":{"line":62,"column":8},"end":{"line":62,"column":8}},{"start":{"line":62,"column":8},"end":{"line":62,"column":8}}]},"3":{"line":64,"type":"if","locations":[{"start":{"line":64,"column":12},"end":{"line":64,"column":12}},{"start":{"line":64,"column":12},"end":{"line":64,"column":12}}]},"4":{"line":106,"type":"if","locations":[{"start":{"line":106,"column":6},"end":{"line":106,"column":6}},{"start":{"line":106,"column":6},"end":{"line":106,"column":6}}]},"5":{"line":151,"type":"if","locations":[{"start":{"line":151,"column":6},"end":{"line":151,"column":6}},{"start":{"line":151,"column":6},"end":{"line":151,"column":6}}]},"6":{"line":153,"type":"if","locations":[{"start":{"line":153,"column":10},"end":{"line":153,"column":10}},{"start":{"line":153,"column":10},"end":{"line":153,"column":10}}]}}},"/Users/zacharyrote/Desktop/sandbox/git-source/cdsp-security-services/security-service/api/v1/routes/proxyCache.routes.js":{"path":"/Users/zacharyrote/Desktop/sandbox/git-source/cdsp-security-services/security-service/api/v1/routes/proxyCache.routes.js","s":{"1":1,"2":1,"3":1},"b":{},"f":{},"fnMap":{},"statementMap":{"1":{"start":{"line":3,"column":0},"end":{"line":3,"column":70}},"2":{"start":{"line":6,"column":0},"end":{"line":8,"column":1}},"3":{"start":{"line":7,"column":2},"end":{"line":7,"column":48}}},"branchMap":{}},"/Users/zacharyrote/Desktop/sandbox/git-source/cdsp-security-services/security-service/api/v1/controllers/proxyCache.controller.js":{"path":"/Users/zacharyrote/Desktop/sandbox/git-source/cdsp-security-services/security-service/api/v1/controllers/proxyCache.controller.js","s":{"1":1,"2":1,"3":1,"4":1,"5":1,"6":1,"7":0,"8":0,"9":0,"10":0,"11":1},"b":{},"f":{},"fnMap":{},"statementMap":{"1":{"start":{"line":2,"column":0},"end":{"line":2,"column":41}},"2":{"start":{"line":3,"column":0},"end":{"line":3,"column":42}},"3":{"start":{"line":4,"column":0},"end":{"line":4,"column":57}},"4":{"start":{"line":5,"column":0},"end":{"line":5,"column":67}},"5":{"start":{"line":7,"column":0},"end":{"line":16,"column":1}},"6":{"start":{"line":8,"column":2},"end":{"line":15,"column":3}},"7":{"start":{"line":9,"column":4},"end":{"line":9,"column":61}},"8":{"start":{"line":10,"column":4},"end":{"line":14,"column":7}},"9":{"start":{"line":11,"column":6},"end":{"line":11,"column":44}},"10":{"start":{"line":13,"column":6},"end":{"line":13,"column":89}},"11":{"start":{"line":19,"column":0},"end":{"line":19,"column":22}}},"branchMap":{}},"/Users/zacharyrote/Desktop/sandbox/git-source/cdsp-security-services/security-service/api/v1/routes/swagger.routes.js":{"path":"/Users/zacharyrote/Desktop/sandbox/git-source/cdsp-security-services/security-service/api/v1/routes/swagger.routes.js","s":{"1":1,"2":1,"3":1},"b":{},"f":{},"fnMap":{},"statementMap":{"1":{"start":{"line":3,"column":0},"end":{"line":3,"column":67}},"2":{"start":{"line":6,"column":0},"end":{"line":8,"column":1}},"3":{"start":{"line":7,"column":2},"end":{"line":7,"column":55}}},"branchMap":{}},"/Users/zacharyrote/Desktop/sandbox/git-source/cdsp-security-services/security-service/api/v1/controllers/swagger.controller.js":{"path":"/Users/zacharyrote/Desktop/sandbox/git-source/cdsp-security-services/security-service/api/v1/controllers/swagger.controller.js","s":{"1":1,"2":1,"3":1,"4":1,"5":1,"6":1,"7":1,"8":1,"9":3,"10":3,"11":3,"12":0,"13":1},"b":{},"f":{},"fnMap":{},"statementMap":{"1":{"start":{"line":2,"column":0},"end":{"line":2,"column":41}},"2":{"start":{"line":3,"column":0},"end":{"line":3,"column":42}},"3":{"start":{"line":4,"column":0},"end":{"line":4,"column":50}},"4":{"start":{"line":5,"column":0},"end":{"line":5,"column":61}},"5":{"start":{"line":6,"column":0},"end":{"line":6,"column":25}},"6":{"start":{"line":7,"column":0},"end":{"line":7,"column":63}},"7":{"start":{"line":9,"column":0},"end":{"line":18,"column":1}},"8":{"start":{"line":10,"column":2},"end":{"line":17,"column":3}},"9":{"start":{"line":11,"column":4},"end":{"line":11,"column":55}},"10":{"start":{"line":12,"column":4},"end":{"line":16,"column":7}},"11":{"start":{"line":13,"column":6},"end":{"line":13,"column":46}},"12":{"start":{"line":15,"column":6},"end":{"line":15,"column":89}},"13":{"start":{"line":21,"column":0},"end":{"line":21,"column":32}}},"branchMap":{}}}