TN:
SF:/Users/zacharyrote/Desktop/sandbox/git-source/cdsp-security-services/security-service/api/v1/routes/health.routes.js
FNF:0
FNH:0
DA:3,1
DA:5,1
DA:25,1
LF:3
LH:3
BRF:0
BRH:0
end_of_record
TN:
SF:/Users/zacharyrote/Desktop/sandbox/git-source/cdsp-security-services/security-service/api/v1/controllers/health.controller.js
FNF:0
FNH:0
DA:3,1
DA:4,1
DA:5,1
DA:6,1
DA:9,1
DA:10,1
DA:11,0
DA:12,0
DA:13,0
DA:15,0
DA:21,1
LF:11
LH:7
BRF:0
BRH:0
end_of_record
TN:
SF:/Users/zacharyrote/Desktop/sandbox/git-source/cdsp-security-services/security-service/api/v1/routes/oauth.routes.js
FNF:0
FNH:0
DA:3,1
DA:5,1
DA:45,1
DA:76,1
DA:106,1
LF:5
LH:5
BRF:0
BRH:0
end_of_record
TN:
SF:/Users/zacharyrote/Desktop/sandbox/git-source/cdsp-security-services/security-service/api/v1/controllers/oauth.controller.js
FNF:0
FNH:0
DA:3,1
DA:4,1
DA:5,1
DA:7,1
DA:9,1
DA:10,1
DA:12,1
DA:13,1
DA:14,3
DA:15,3
DA:16,3
DA:17,3
DA:18,3
DA:19,3
DA:20,3
DA:23,3
DA:25,3
DA:32,3
DA:33,3
DA:34,3
DA:36,0
DA:37,0
DA:39,0
DA:40,0
DA:41,0
DA:43,0
DA:46,0
DA:52,1
DA:53,1
DA:54,0
DA:55,0
DA:56,0
DA:57,0
DA:58,0
DA:60,0
DA:63,0
DA:64,0
DA:65,0
DA:66,0
DA:68,0
DA:71,0
DA:78,1
DA:79,1
DA:80,0
DA:81,0
DA:82,0
DA:83,0
DA:88,0
DA:89,0
DA:91,0
DA:98,1
DA:99,1
DA:100,1
LF:53
LH:27
BRDA:19,1,0,3
BRDA:19,1,1,0
BRDA:36,2,0,0
BRDA:36,2,1,0
BRDA:37,3,0,0
BRDA:37,3,1,0
BRDA:57,4,0,0
BRDA:57,4,1,0
BRDA:64,5,0,0
BRDA:64,5,1,0
BRDA:65,6,0,0
BRDA:65,6,1,0
BRDA:88,7,0,0
BRDA:88,7,1,0
BRF:14
BRH:1
end_of_record
TN:
SF:/Users/zacharyrote/Desktop/sandbox/git-source/cdsp-security-services/security-service/services/authService.js
FN:20,(anonymous_1)
FN:25,(anonymous_2)
FN:57,(anonymous_3)
FN:82,(anonymous_4)
FN:86,(anonymous_5)
FN:99,(anonymous_6)
FN:120,(anonymous_7)
FN:146,(anonymous_8)
FNF:8
FNH:5
FNDA:3,(anonymous_1)
FNDA:3,(anonymous_2)
FNDA:0,(anonymous_3)
FNDA:0,(anonymous_4)
FNDA:0,(anonymous_5)
FNDA:3,(anonymous_6)
FNDA:3,(anonymous_7)
FNDA:3,(anonymous_8)
DA:2,1
DA:3,1
DA:4,1
DA:5,1
DA:6,1
DA:7,1
DA:9,1
DA:10,1
DA:12,1
DA:15,1
DA:21,3
DA:22,3
DA:26,3
DA:27,3
DA:28,3
DA:29,3
DA:30,3
DA:31,3
DA:36,3
DA:38,3
DA:41,3
DA:44,3
DA:46,0
DA:47,0
DA:48,0
DA:50,0
DA:54,3
DA:58,0
DA:59,0
DA:60,0
DA:61,0
DA:62,0
DA:63,0
DA:64,0
DA:66,0
DA:68,0
DA:72,0
DA:73,0
DA:76,0
DA:79,0
DA:83,0
DA:87,0
DA:88,0
DA:89,0
DA:90,0
DA:91,0
DA:93,0
DA:96,0
DA:100,3
DA:101,3
DA:102,3
DA:103,3
DA:106,3
DA:107,3
DA:110,3
DA:114,3
DA:117,3
DA:121,3
DA:122,3
DA:123,3
DA:124,3
DA:125,3
DA:126,3
DA:127,3
DA:133,3
DA:134,3
DA:135,3
DA:136,3
DA:137,3
DA:139,0
DA:143,3
DA:147,3
DA:148,3
DA:149,3
DA:151,3
DA:152,3
DA:153,3
DA:155,3
DA:156,3
DA:157,3
DA:158,3
DA:160,0
DA:161,0
DA:164,0
DA:165,0
DA:168,0
DA:169,0
DA:170,0
DA:174,0
DA:175,0
DA:179,3
DA:183,1
LF:92
LH:57
BRDA:47,1,0,0
BRDA:47,1,1,0
BRDA:62,2,0,0
BRDA:62,2,1,0
BRDA:64,3,0,0
BRDA:64,3,1,0
BRDA:106,4,0,3
BRDA:106,4,1,0
BRDA:151,5,0,3
BRDA:151,5,1,0
BRDA:153,6,0,3
BRDA:153,6,1,0
BRF:12
BRH:3
end_of_record
TN:
SF:/Users/zacharyrote/Desktop/sandbox/git-source/cdsp-security-services/security-service/api/v1/routes/proxyCache.routes.js
FNF:0
FNH:0
DA:3,1
DA:6,1
DA:7,1
LF:3
LH:3
BRF:0
BRH:0
end_of_record
TN:
SF:/Users/zacharyrote/Desktop/sandbox/git-source/cdsp-security-services/security-service/api/v1/controllers/proxyCache.controller.js
FNF:0
FNH:0
DA:2,1
DA:3,1
DA:4,1
DA:5,1
DA:7,1
DA:8,1
DA:9,0
DA:10,0
DA:11,0
DA:13,0
DA:19,1
LF:11
LH:7
BRF:0
BRH:0
end_of_record
TN:
SF:/Users/zacharyrote/Desktop/sandbox/git-source/cdsp-security-services/security-service/api/v1/routes/swagger.routes.js
FNF:0
FNH:0
DA:3,1
DA:6,1
DA:7,1
LF:3
LH:3
BRF:0
BRH:0
end_of_record
TN:
SF:/Users/zacharyrote/Desktop/sandbox/git-source/cdsp-security-services/security-service/api/v1/controllers/swagger.controller.js
FNF:0
FNH:0
DA:2,1
DA:3,1
DA:4,1
DA:5,1
DA:6,1
DA:7,1
DA:9,1
DA:10,1
DA:11,3
DA:12,3
DA:13,3
DA:15,0
DA:21,1
LF:13
LH:12
BRF:0
BRH:0
end_of_record
